<?xml version="1.0" encoding="UTF-8"?>
<!-- Generated by org.testng.reporters.JUnitReportReporter -->
<testsuite skipped="0" hostname="Puneets-MacBook-Pro.local" name="com.ebay.testcases.TC_002VerifySellingAproduct" tests="1" failures="0" timestamp="04 Feb 2019 12:47:37 GMT" time="186.909" errors="0">
  <testcase name="verifySellingItems" time="186.909" classname="com.ebay.testcases.TC_002VerifySellingAproduct"/>
</testsuite> <!-- com.ebay.testcases.TC_002VerifySellingAproduct -->
