<?xml version="1.0" encoding="UTF-8"?>
<!-- Generated by org.testng.reporters.JUnitReportReporter -->
<testsuite skipped="0" hostname="Puneets-MacBook-Pro.local" name="com.ebay.testcases.test" tests="2" failures="0" timestamp="31 Jan 2019 07:49:42 GMT" time="39.698" errors="0">
  <testcase name="searchForitems" time="20.229" classname="com.ebay.testcases.test"/>
  <testcase name="searchForitems" time="19.469" classname="com.ebay.testcases.test"/>
</testsuite> <!-- com.ebay.testcases.test -->
