<?xml version="1.0" encoding="UTF-8"?>
<!-- Generated by org.testng.reporters.JUnitReportReporter -->
<testsuite skipped="0" hostname="Puneets-MacBook-Pro.local" name="com.ebay.testcases.TC_001VerifyIfSerachHasResults" tests="2" failures="0" timestamp="01 Feb 2019 00:06:23 GMT" time="51.138" errors="0">
  <testcase name="searchForitems" time="21.738" classname="com.ebay.testcases.TC_001VerifyIfSerachHasResults"/>
  <testcase name="searchForitems" time="29.400" classname="com.ebay.testcases.TC_001VerifyIfSerachHasResults"/>
</testsuite> <!-- com.ebay.testcases.TC_001VerifyIfSerachHasResults -->
