<?xml version="1.0" encoding="UTF-8"?>
<!-- Generated by org.testng.reporters.JUnitReportReporter -->
<testsuite skipped="0" hostname="Puneets-MacBook-Pro.local" name="com.ebay.testcases.TC_002VerifySellingAproduct" tests="1" failures="0" timestamp="01 Feb 2019 04:38:57 GMT" time="181.424" errors="0">
  <testcase name="verifySellingItems" time="181.424" classname="com.ebay.testcases.TC_002VerifySellingAproduct"/>
</testsuite> <!-- com.ebay.testcases.TC_002VerifySellingAproduct -->
